<?xml version="1.0" encoding="UTF-8"?>
<testsuite xmlns:xsi="http://www.w3.org/2001/XMLSchema-instance" xsi:noNamespaceSchemaLocation="https://maven.apache.org/surefire/maven-surefire-plugin/xsd/surefire-test-report-3.0.xsd" version="3.0" name="com.fmp.proyectotc.ProyectotcApplicationTests" time="9.821" tests="1" errors="0" skipped="0" failures="0">
  <properties>
[...]
</properties>
  <testcase name="contextLoads" classname="com.fmp.proyectotc.ProyectotcApplicationTests" time="0.744">
    <system-out><![CDATA[06:04:16.470 [main] INFO org.springframework.test.context.support.AnnotationConfigContextLoaderUtils -- Could not detect default configuration classes for test class [com.fmp.proyectotc.ProyectotcApplicationTests]: ProyectotcApplicationTests does not declare any static, non-private, non-final, nested classes annotated with @Configuration.
06:04:16.620 [main] INFO org.springframework.boot.test.context.SpringBootTestContextBootstrapper -- Found @SpringBootConfiguration com.fmp.proyectotc.ProyectotcApplication for test class com.fmp.proyectotc.ProyectotcApplicationTests
06:04:16.848 [main] INFO org.springframework.boot.devtools.restart.RestartApplicationListener -- Restart disabled due to context in which it is running

  .   ____          _            __ _ _
 /\\ / ___'_ __ _ _(_)_ __  __ _ \ \ \ \
( ( )\___ | '_ | '_| | '_ \/ _` | \ \ \ \
 \\/  ___)| |_)| | | | | || (_| |  ) ) ) )
  '  |____| .__|_| |_|_| |_\__, | / / / /
 =========|_|==============|___/=/_/_/_/

 :: Spring Boot ::                (v3.3.2)

2024-08-11T06:04:17.448-03:00  INFO 9472 --- [           main] c.f.p.ProyectotcApplicationTests         : Starting ProyectotcApplicationTests using Java 22.0.2 with PID 9472 (started by fedep in C:\Users\fedep\Documents\GitHub\proyectotc)
2024-08-11T06:04:17.453-03:00  INFO 9472 --- [           main] c.f.p.ProyectotcApplicationTests         : No active profile set, falling back to 1 default profile: "default"
2024-08-11T06:04:18.534-03:00  INFO 9472 --- [           main] .s.d.r.c.RepositoryConfigurationDelegate : Bootstrapping Spring Data JPA repositories in DEFAULT mode.
2024-08-11T06:04:18.644-03:00  INFO 9472 --- [           main] .s.d.r.c.RepositoryConfigurationDelegate : Finished Spring Data repository scanning in 81 ms. Found 3 JPA repository interfaces.
2024-08-11T06:04:19.342-03:00  INFO 9472 --- [           main] o.hibernate.jpa.internal.util.LogHelper  : HHH000204: Processing PersistenceUnitInfo [name: default]
2024-08-11T06:04:19.425-03:00  INFO 9472 --- [           main] org.hibernate.Version                    : HHH000412: Hibernate ORM core version 6.5.2.Final
2024-08-11T06:04:19.478-03:00  INFO 9472 --- [           main] o.h.c.internal.RegionFactoryInitiator    : HHH000026: Second-level cache disabled
2024-08-11T06:04:20.011-03:00  INFO 9472 --- [           main] o.s.o.j.p.SpringPersistenceUnitInfo      : No LoadTimeWeaver setup: ignoring JPA class transformer
2024-08-11T06:04:20.043-03:00  INFO 9472 --- [           main] com.zaxxer.hikari.HikariDataSource       : HikariPool-1 - Starting...
2024-08-11T06:04:20.811-03:00  INFO 9472 --- [           main] com.zaxxer.hikari.pool.HikariPool        : HikariPool-1 - Added connection com.mysql.cj.jdbc.ConnectionImpl@1a2724d3
2024-08-11T06:04:20.826-03:00  INFO 9472 --- [           main] com.zaxxer.hikari.HikariDataSource       : HikariPool-1 - Start completed.
2024-08-11T06:04:20.933-03:00  WARN 9472 --- [           main] org.hibernate.orm.deprecation            : HHH90000025: MySQLDialect does not need to be specified explicitly using 'hibernate.dialect' (remove the property setting and it will be selected by default)
2024-08-11T06:04:22.285-03:00  INFO 9472 --- [           main] o.h.e.t.j.p.i.JtaPlatformInitiator       : HHH000489: No JTA platform available (set 'hibernate.transaction.jta.platform' to enable JTA platform integration)
Hibernate: 
    alter table venta 
       drop 
       foreign key FKa7yaj59nfh3gft0h38o5bv472
Hibernate: 
    alter table venta_producto 
       drop 
       foreign key FKb2il57tnln4f0a9w4stemgkf
Hibernate: 
    alter table venta_producto 
       drop 
       foreign key FKronca5o2jla5egtlku8lm1dbn
Hibernate: 
    drop table if exists cliente
Hibernate: 
    drop table if exists producto
Hibernate: 
    drop table if exists venta
Hibernate: 
    drop table if exists venta_producto
Hibernate: 
    create table cliente (
        id_cliente bigint not null auto_increment,
        apellido varchar(255),
        dni varchar(255),
        nombre varchar(255),
        primary key (id_cliente)
    ) engine=InnoDB
Hibernate: 
    create table producto (
        precio float(53),
        stock integer,
        codigo_producto bigint not null auto_increment,
        marca varchar(255),
        nombre varchar(255),
        primary key (codigo_producto)
    ) engine=InnoDB
Hibernate: 
    create table venta (
        fecha date,
        total float(53),
        cliente_id bigint,
        id_venta bigint not null auto_increment,
        primary key (id_venta)
    ) engine=InnoDB
Hibernate: 
    create table venta_producto (
        producto_id bigint not null,
        venta_id bigint not null
    ) engine=InnoDB
Hibernate: 
    alter table venta 
       add constraint FKa7yaj59nfh3gft0h38o5bv472 
       foreign key (cliente_id) 
       references cliente (id_cliente)
Hibernate: 
    alter table venta_producto 
       add constraint FKb2il57tnln4f0a9w4stemgkf 
       foreign key (producto_id) 
       references producto (codigo_producto)
Hibernate: 
    alter table venta_producto 
       add constraint FKronca5o2jla5egtlku8lm1dbn 
       foreign key (venta_id) 
       references venta (id_venta)
2024-08-11T06:04:24.052-03:00  INFO 9472 --- [           main] j.LocalContainerEntityManagerFactoryBean : Initialized JPA EntityManagerFactory for persistence unit 'default'
2024-08-11T06:04:24.589-03:00  WARN 9472 --- [           main] JpaBaseConfiguration$JpaWebConfiguration : spring.jpa.open-in-view is enabled by default. Therefore, database queries may be performed during view rendering. Explicitly configure spring.jpa.open-in-view to disable this warning
2024-08-11T06:04:25.127-03:00  WARN 9472 --- [           main] ion$DefaultTemplateResolverConfiguration : Cannot find template location: classpath:/templates/ (please add some templates, check your Thymeleaf configuration, or set spring.thymeleaf.check-template-location=false)
2024-08-11T06:04:25.254-03:00  INFO 9472 --- [           main] c.f.p.ProyectotcApplicationTests         : Started ProyectotcApplicationTests in 8.427 seconds (process running for 9.79)
]]></system-out>
    <system-err><![CDATA[WARNING: A Java agent has been loaded dynamically (C:\Users\fedep\.m2\repository\net\bytebuddy\byte-buddy-agent\1.14.18\byte-buddy-agent-1.14.18.jar)
WARNING: If a serviceability tool is in use, please run with -XX:+EnableDynamicAgentLoading to hide this warning
WARNING: If a serviceability tool is not in use, please run with -Djdk.instrument.traceUsage for more information
WARNING: Dynamic loading of agents will be disallowed by default in a future release
]]></system-err>
  </testcase>
</testsuite>